<?xml version="1.0" encoding="UTF-8"?>
<!-- Generated by org.testng.reporters.JUnitReportReporter -->
<testsuite hostname="DESKTOP-GJA01KK" failures="0" tests="1" name="com.OrangeHRM.OHRMLoginTest" time="2.306" errors="0" timestamp="2023-08-12T17:18:40 IST" skipped="0">
  <testcase classname="com.OrangeHRM.OHRMLoginTest" name="loginFunctionalityTest" time="2.306"/>
  <system-out/>
</testsuite> <!-- com.OrangeHRM.OHRMLoginTest -->
