<?xml version="1.0" encoding="UTF-8"?>
<!-- Generated by org.testng.reporters.JUnitReportReporter -->
<testsuite hostname="DESKTOP-GJA01KK" failures="0" tests="3" name="com.OrangeHRM.OHRMAddMultipleEmployee" time="43.802" errors="0" timestamp="2023-08-15T19:22:20 IST" skipped="0">
  <testcase classname="com.OrangeHRM.OHRMAddMultipleEmployee" name="loginFunctionalityTest" time="8.492"/>
  <system-out/>
  <testcase classname="com.OrangeHRM.OHRMAddMultipleEmployee" name="addingEmployeeTest" time="33.081"/>
  <system-out/>
  <testcase classname="com.OrangeHRM.OHRMAddMultipleEmployee" name="logoutTest" time="2.229"/>
  <system-out/>
</testsuite> <!-- com.OrangeHRM.OHRMAddMultipleEmployee -->
