<?xml version="1.0" encoding="UTF-8"?>
<!-- Generated by org.testng.reporters.JUnitReportReporter -->
<testsuite hostname="DESKTOP-GJA01KK" failures="0" tests="7" name="com.OrangeHRM.OHRMValidateMultipleFunctionalitiesAndPages" time="34.059" errors="0" timestamp="2023-08-15T19:22:20 IST" skipped="0">
  <testcase classname="com.OrangeHRM.OHRMValidateMultipleFunctionalitiesAndPages" name="loginPageTest" time="2.448"/>
  <system-out/>
  <testcase classname="com.OrangeHRM.OHRMValidateMultipleFunctionalitiesAndPages" name="invalidLoginTest" time="2.232"/>
  <system-out/>
  <testcase classname="com.OrangeHRM.OHRMValidateMultipleFunctionalitiesAndPages" name="validateHomePageTest" time="15.129"/>
  <system-out/>
  <testcase classname="com.OrangeHRM.OHRMValidateMultipleFunctionalitiesAndPages" name="addEmloyeeTest" time="0.242"/>
  <system-out/>
  <testcase classname="com.OrangeHRM.OHRMValidateMultipleFunctionalitiesAndPages" name="validatingPersonalDetailsPageTest" time="10.843"/>
  <system-out/>
  <testcase classname="com.OrangeHRM.OHRMValidateMultipleFunctionalitiesAndPages" name="fullNameEmployeeIdTest" time="0.683"/>
  <system-out/>
  <testcase classname="com.OrangeHRM.OHRMValidateMultipleFunctionalitiesAndPages" name="homePageLogoutTest" time="2.482"/>
  <system-out/>
</testsuite> <!-- com.OrangeHRM.OHRMValidateMultipleFunctionalitiesAndPages -->
