<?xml version="1.0" encoding="UTF-8"?>
<!-- Generated by org.testng.reporters.JUnitReportReporter -->
<testsuite hostname="DESKTOP-GJA01KK" failures="0" tests="1" name="com.OrangeHRM.OHRMAddEmployeeFromExcelFile" time="15.078" errors="0" timestamp="2023-08-15T19:22:20 IST" skipped="0">
  <testcase classname="com.OrangeHRM.OHRMAddEmployeeFromExcelFile" name="addingEmployeeTest" time="15.078"/>
  <system-out/>
</testsuite> <!-- com.OrangeHRM.OHRMAddEmployeeFromExcelFile -->
