<?xml version="1.0" encoding="UTF-8"?>
<!-- Generated by org.testng.reporters.JUnitReportReporter -->
<testsuite hostname="DESKTOP-GJA01KK" failures="0" tests="4" name="com.OrangeHRM.Abcde" time="0.034" errors="0" timestamp="2023-08-12T18:36:10 IST" skipped="0">
  <testcase classname="com.OrangeHRM.Abcde" name="live1" time="0.015"/>
  <system-out/>
  <testcase classname="com.OrangeHRM.Abcde" name="tech" time="0.004"/>
  <system-out/>
  <testcase classname="com.OrangeHRM.Abcde" name="live" time="0.012"/>
  <system-out/>
  <testcase classname="com.OrangeHRM.Abcde" name="live2" time="0.003"/>
  <system-out/>
</testsuite> <!-- com.OrangeHRM.Abcde -->
