<?xml version="1.0" encoding="UTF-8"?>
<!-- Generated by org.testng.reporters.JUnitReportReporter -->
<testsuite hostname="DESKTOP-GJA01KK" failures="0" tests="3" name="com.OrangeHRM.OrangeHRM_LoginTest" time="8.852" errors="0" timestamp="2023-08-09T17:10:33 IST" skipped="0">
  <testcase classname="com.OrangeHRM.OrangeHRM_LoginTest" name="oHRM_LoginTest" time="6.409"/>
  <system-out/>
  <testcase classname="com.OrangeHRM.OrangeHRM_LoginTest" name="homePageWelcomeAdminTest" time="0.740"/>
  <system-out/>
  <testcase classname="com.OrangeHRM.OrangeHRM_LoginTest" name="homePageLogoutTest" time="1.703"/>
  <system-out/>
</testsuite> <!-- com.OrangeHRM.OrangeHRM_LoginTest -->
