<?xml version="1.0" encoding="UTF-8"?>
<!-- Generated by org.testng.reporters.JUnitReportReporter -->
<testsuite hostname="DESKTOP-GJA01KK" failures="0" tests="2" name="com.OrangeHRM.OHRMEmployeeList" time="31.137" errors="0" timestamp="2023-08-15T19:22:20 IST" skipped="0">
  <testcase classname="com.OrangeHRM.OHRMEmployeeList" name="loginOHRMTest" time="8.695"/>
  <system-out/>
  <testcase classname="com.OrangeHRM.OHRMEmployeeList" name="printingEmployeeListTest" time="22.442"/>
  <system-out/>
</testsuite> <!-- com.OrangeHRM.OHRMEmployeeList -->
