<?xml version="1.0" encoding="UTF-8"?>
<!-- Generated by org.testng.reporters.JUnitReportReporter -->
<testsuite hostname="DESKTOP-GJA01KK" failures="0" tests="2" name="com.OrangeHRM.OHRMLogin_With_MultipleTestData" time="35.770" errors="0" timestamp="2023-08-15T19:22:20 IST" skipped="0">
  <testcase classname="com.OrangeHRM.OHRMLogin_With_MultipleTestData" name="validateLoginPageTest" time="0.779"/>
  <system-out/>
  <testcase classname="com.OrangeHRM.OHRMLogin_With_MultipleTestData" name="loginWithMultipleTestData" time="34.991"/>
  <system-out/>
</testsuite> <!-- com.OrangeHRM.OHRMLogin_With_MultipleTestData -->
