<?xml version="1.0" encoding="UTF-8"?>
<!-- Generated by org.testng.reporters.JUnitReportReporter -->
<testsuite hostname="DESKTOP-GJA01KK" failures="0" tests="7" name="com.OrangeHRMApplicationPagesTestCases.OrangeHRMApplicationLogInPageTest" time="34.666" errors="0" timestamp="2023-08-15T18:17:47 IST" skipped="0">
  <testcase classname="com.OrangeHRMApplicationPagesTestCases.OrangeHRMApplicationLogInPageTest" name="logInWebPageLogInPanelTextValidationTest" time="3.671"/>
  <testcase classname="com.OrangeHRMApplicationPagesTestCases.OrangeHRMApplicationLogInPageTest" name="logInFunctionalityTest" time="10.307"/>
  <testcase classname="com.OrangeHRMApplicationPagesTestCases.OrangeHRMApplicationLogInPageTest" name="logInWebPageLogoValidationTest" time="3.750"/>
  <testcase classname="com.OrangeHRMApplicationPagesTestCases.OrangeHRMApplicationLogInPageTest" name="orangeHRMLogInPageDropDownTest" time="4.545"/>
  <testcase classname="com.OrangeHRMApplicationPagesTestCases.OrangeHRMApplicationLogInPageTest" name="orangeHRMLogInPageAlternativeLoginButtonTest" time="4.743"/>
  <testcase classname="com.OrangeHRMApplicationPagesTestCases.OrangeHRMApplicationLogInPageTest" name="orangeHRMFooterLinkTest" time="3.962"/>
  <testcase classname="com.OrangeHRMApplicationPagesTestCases.OrangeHRMApplicationLogInPageTest" name="orangeHRMLoginPageFooterLinkImagesTest" time="3.688"/>
</testsuite> <!-- com.OrangeHRMApplicationPagesTestCases.OrangeHRMApplicationLogInPageTest -->
