<?xml version="1.0" encoding="UTF-8"?>
<!-- Generated by org.testng.reporters.JUnitReportReporter -->
<testsuite hostname="DESKTOP-GJA01KK" failures="0" tests="1" name="com.OrangeHRMApplicationPagesTestCases.OrangeHRMApplicationHomePageTest" time="8.988" errors="0" timestamp="2023-08-14T18:11:27 IST" skipped="0">
  <testcase classname="com.OrangeHRMApplicationPagesTestCases.OrangeHRMApplicationHomePageTest" name="loginFunctionalityTest" time="8.988"/>
</testsuite> <!-- com.OrangeHRMApplicationPagesTestCases.OrangeHRMApplicationHomePageTest -->
